<?xml version="1.0" encoding="UTF-8"?>
<!-- Generated by org.testng.reporters.JUnitXMLReporter -->
<testsuite hostname="IBM240-PC073G5D" ignored="0" name="Retail Tests2" tests="8" failures="1" timestamp="12 Jun 2019 19:20:42 GMT" time="289.559" errors="0">
  <testcase name="Admin_InvalidCredentials_Test" time="1.411" classname="com.training.sanity.tests.Admin_InvalidCredsTest_RTTC_037"/>
  <testcase name="Admin_InvalidCredentials_Test" time="1.699" classname="com.training.sanity.tests.Admin_InvalidCredsTest_RTTC_037"/>
  <testcase name="Admin_InvalidCredentials_Test" time="2.899" classname="com.training.sanity.tests.Admin_InvalidCredsTest_RTTC_037"/>
  <testcase name="Admin_InvalidCredentials_Test" time="1.588" classname="com.training.sanity.tests.Admin_InvalidCredsTest_RTTC_037"/>
  <testcase name="ReturnOrderTest" time="95.801" classname="com.training.sanity.tests.Return_Ordered_ProductTest_RTTC_036">
    <failure type="java.lang.AssertionError" message="expected [true] but found [false]">
      <![CDATA[java.lang.AssertionError: expected [true] but found [false]
at com.training.sanity.tests.Return_Ordered_ProductTest_RTTC_036.ReturnOrderTest(Return_Ordered_ProductTest_RTTC_036.java:123)
... Removed 29 stack frames]]>
    </failure>
  </testcase> <!-- ReturnOrderTest -->
  <testcase name="AddCategoryTest" time="36.236" classname="com.training.sanity.tests.AddCategoryTest_RTTC_038"/>
  <testcase name="ModifyCategoryTest" time="12.618" classname="com.training.sanity.tests.Edit_MetatagTitleTest_RTTC_039"/>
  <testcase name="DeleteCategoryTest" time="12.384" classname="com.training.sanity.tests.Delete_CategoryTest_RTTC_040"/>
</testsuite> <!-- Retail Tests2 -->
