<?xml version="1.0" encoding="UTF-8"?>
<!-- Generated by org.testng.reporters.JUnitXMLReporter -->
<testsuite hostname="IBM240-PC073G5D" ignored="0" name="Retail Tests" tests="8" failures="1" timestamp="07 Jun 2019 09:17:30 GMT" time="189.083" errors="0">
  <testcase name="Admin_InvalidCredentials_Test" time="1.723" classname="com.training.sanity.tests.Med_TC2"/>
  <testcase name="Admin_InvalidCredentials_Test" time="1.508" classname="com.training.sanity.tests.Med_TC2"/>
  <testcase name="Admin_InvalidCredentials_Test" time="1.774" classname="com.training.sanity.tests.Med_TC2"/>
  <testcase name="Admin_InvalidCredentials_Test" time="1.658" classname="com.training.sanity.tests.Med_TC2"/>
  <testcase name="ReturnOrderTest" time="54.52" classname="com.training.sanity.tests.Med_TC1">
    <failure type="java.lang.AssertionError" message="expected [true] but found [false]">
      <![CDATA[java.lang.AssertionError: expected [true] but found [false]
at com.training.sanity.tests.Med_TC1.ReturnOrderTest(Med_TC1.java:116)
... Removed 29 stack frames]]>
    </failure>
  </testcase> <!-- ReturnOrderTest -->
  <testcase name="AddCategoryTest" time="13.428" classname="com.training.sanity.tests.Med_TC3"/>
  <testcase name="ModifyCategoryTest" time="11.86" classname="com.training.sanity.tests.Med_TC4"/>
  <testcase name="DeleteCategoryTest" time="6.885" classname="com.training.sanity.tests.Med_TC5"/>
</testsuite> <!-- Retail Tests -->
